<?xml version="1.0" encoding="UTF-8"?>
<!-- Generated by org.testng.reporters.JUnitReportReporter -->
<testsuite hostname="DESKTOP-DVMTKTT" failures="0" tests="1" name="popup.HiddenDivisionPopup" time="22.293" errors="0" timestamp="2023-03-29T11:04:56 IST" skipped="0">
  <testcase classname="popup.HiddenDivisionPopup" name="hiddenDivisionPopup" time="22.293"/>
  <system-out/>
</testsuite> <!-- popup.HiddenDivisionPopup -->
