<?xml version="1.0" encoding="UTF-8"?>
<!-- Generated by org.testng.reporters.JUnitReportReporter -->
<testsuite hostname="DESKTOP-DVMTKTT" failures="0" tests="17" name="practiceTestNG.KGF" time="0.196" errors="0" timestamp="2023-02-07T21:53:25 IST" skipped="0">
  <testcase classname="practiceTestNG.KGF" name="reena" time="0.047"/>
  <system-out>
    <![CDATA[KGF is Controlled by reena]]>
  </system-out>
  <testcase classname="practiceTestNG.KGF" name="rajendraDesai" time="0.006"/>
  <system-out>
    <![CDATA[KGF is Controlled by rajendraDesai]]>
  </system-out>
  <testcase classname="practiceTestNG.KGF" name="vanaram" time="0.005"/>
  <system-out>
    <![CDATA[KGF is Controlled by vanaram]]>
  </system-out>
  <testcase classname="practiceTestNG.KGF" name="garuda" time="0.003"/>
  <system-out>
    <![CDATA[KGF is Controlled by garuda]]>
  </system-out>
  <testcase classname="practiceTestNG.KGF" name="adheera" time="0.003"/>
  <system-out>
    <![CDATA[KGF is Controlled by adheera]]>
  </system-out>
  <testcase classname="practiceTestNG.KGF" name="mumbaiShetty" time="0.029"/>
  <system-out>
    <![CDATA[KGF is Controlled by mumbaiShetty]]>
  </system-out>
  <testcase classname="practiceTestNG.KGF" name="rockey" time="0.009"/>
  <system-out>
    <![CDATA[KGF is Controlled by rocky]]>
  </system-out>
  <testcase classname="practiceTestNG.KGF" name="rockey" time="0.012"/>
  <system-out>
    <![CDATA[KGF is Controlled by rocky]]>
  </system-out>
  <testcase classname="practiceTestNG.KGF" name="rockey" time="0.005"/>
  <system-out>
    <![CDATA[KGF is Controlled by rocky]]>
  </system-out>
  <testcase classname="practiceTestNG.KGF" name="rockey" time="0.007"/>
  <system-out>
    <![CDATA[KGF is Controlled by rocky]]>
  </system-out>
  <testcase classname="practiceTestNG.KGF" name="rockey" time="0.007"/>
  <system-out>
    <![CDATA[KGF is Controlled by rocky]]>
  </system-out>
  <testcase classname="practiceTestNG.KGF" name="rockey" time="0.010"/>
  <system-out>
    <![CDATA[KGF is Controlled by rocky]]>
  </system-out>
  <testcase classname="practiceTestNG.KGF" name="rockey" time="0.005"/>
  <system-out>
    <![CDATA[KGF is Controlled by rocky]]>
  </system-out>
  <testcase classname="practiceTestNG.KGF" name="rockey" time="0.022"/>
  <system-out>
    <![CDATA[KGF is Controlled by rocky]]>
  </system-out>
  <testcase classname="practiceTestNG.KGF" name="rockey" time="0.009"/>
  <system-out>
    <![CDATA[KGF is Controlled by rocky]]>
  </system-out>
  <testcase classname="practiceTestNG.KGF" name="rockey" time="0.012"/>
  <system-out>
    <![CDATA[KGF is Controlled by rocky]]>
  </system-out>
  <testcase classname="practiceTestNG.KGF" name="ramikasen" time="0.005"/>
  <system-out>
    <![CDATA[KGF is Controlled by ramikasen]]>
  </system-out>
</testsuite> <!-- practiceTestNG.KGF -->
