<?xml version="1.0" encoding="UTF-8"?>
<!-- Generated by org.testng.reporters.JUnitReportReporter -->
<testsuite hostname="DESKTOP-DVMTKTT" failures="0" tests="1" name="popup.Seq" time="32.916" errors="0" timestamp="2023-02-07T22:00:34 IST" skipped="0">
  <testcase classname="popup.Seq" name="MyntraDiv" time="32.916"/>
  <system-out/>
</testsuite> <!-- popup.Seq -->
