<?xml version="1.0" encoding="UTF-8"?>
<!-- Generated by org.testng.reporters.JUnitReportReporter -->
<testsuite hostname="DESKTOP-DVMTKTT" failures="0" tests="1" name="practiceTestNG.Fbsignup" time="71.537" errors="0" timestamp="2023-06-02T16:39:58 IST" skipped="0">
  <testcase classname="practiceTestNG.Fbsignup" name="fbsignup" time="71.537"/>
  <system-out/>
</testsuite> <!-- practiceTestNG.Fbsignup -->
