<?xml version="1.0" encoding="UTF-8"?>
<!-- Generated by org.testng.reporters.JUnitReportReporter -->
<testsuite hostname="DESKTOP-DVMTKTT" failures="0" tests="1" name="com.actitime.test.EndToEnd" time="29.076" errors="0" timestamp="2023-02-15T13:46:48 IST" skipped="0">
  <testcase classname="com.actitime.test.EndToEnd" name="loginLOgout" time="29.076"/>
  <system-out/>
</testsuite> <!-- com.actitime.test.EndToEnd -->
