<?xml version="1.0" encoding="UTF-8"?>
<!-- Generated by org.testng.reporters.JUnitReportReporter -->
<testsuite hostname="DESKTOP-DVMTKTT" failures="0" tests="3" name="practiceTestNG.Negtivepro" time="0.052" errors="0" timestamp="2023-03-14T19:33:54 IST" skipped="0">
  <testcase classname="practiceTestNG.Negtivepro" name="vanaram" time="0.038"/>
  <system-out>
    <![CDATA[KGF is Controlled by vanaram]]>
  </system-out>
  <testcase classname="practiceTestNG.Negtivepro" name="ramikasen" time="0.005"/>
  <system-out>
    <![CDATA[KGF is Controlled by ramikasen]]>
  </system-out>
  <testcase classname="practiceTestNG.Negtivepro" name="mumbaiShetty" time="0.009"/>
  <system-out>
    <![CDATA[KGF is Controlled by mumbaiShetty]]>
  </system-out>
</testsuite> <!-- practiceTestNG.Negtivepro -->
