<?xml version="1.0" encoding="UTF-8"?>
<!-- Generated by org.testng.reporters.JUnitReportReporter -->
<testsuite hostname="DESKTOP-DVMTKTT" failures="0" tests="1" name="popup.MultiplePopus" time="75.915" errors="0" timestamp="2023-02-09T23:51:22 IST" skipped="0">
  <testcase classname="popup.MultiplePopus" name="multiplePopus" time="75.915"/>
  <system-out/>
</testsuite> <!-- popup.MultiplePopus -->
