<?xml version="1.0" encoding="UTF-8"?>
<!-- Generated by org.testng.reporters.JUnitReportReporter -->
<testsuite hostname="DESKTOP-DVMTKTT" failures="0" tests="2" name="practiceTestNG.parallelexecution" time="31.596" errors="0" timestamp="2023-06-02T16:37:52 IST" skipped="0">
  <testcase classname="practiceTestNG.parallelexecution" name="takescreenshot" time="24.774"/>
  <system-out/>
  <testcase classname="practiceTestNG.parallelexecution" name="takescreenshot" time="6.822"/>
  <system-out/>
</testsuite> <!-- practiceTestNG.parallelexecution -->
