<?xml version="1.0" encoding="UTF-8"?>
<!-- Generated by org.testng.reporters.JUnitReportReporter -->
<testsuite hostname="DESKTOP-DVMTKTT" failures="0" tests="1" name="practiceTestNG.fileUploadpopup" time="31.768" errors="0" timestamp="2023-03-25T21:37:59 IST" skipped="0">
  <testcase classname="practiceTestNG.fileUploadpopup" name="naukri" time="31.768"/>
  <system-out/>
</testsuite> <!-- practiceTestNG.fileUploadpopup -->
